======================================================================
VALIDAR REPOSITORIO
CODIGO: 0
true


======================================================================
GIT ADD
CODIGO: 0


======================================================================
VERIFICAR CAMBIOS
CODIGO: 0


======================================================================
GIT PUSH
CODIGO: 0

Everything up-to-date

======================================================================
CONFIRMAR ARCHIVO CONTROLADO
CODIGO: 0
planes_pmo.html


======================================================================
ESTADO FINAL
CODIGO: 0


